[01-06-2024 17:53:39]:⚙ DEBUG -> Апи сервера доступно на 0.0.0.0:8888
[01-06-2024 17:54:02]:⚙ DEBUG -> request; method=GET uri=/stations version=HTTP/1.1 headers={"host": "localhost:8888", "user-agent": "Mozilla/5.0 (X11; Linux x86_64; rv:126.0) Gecko/20100101 Firefox/126.0", "accept": "text/html,application/xhtml+xml,application/xml;q=0.9,image/avif,image/webp,*/*;q=0.8", "accept-language": "ru-RU,ru;q=0.8,en-US;q=0.5,en;q=0.3", "accept-encoding": "gzip, deflate, br, zstd", "connection": "keep-alive", "upgrade-insecure-requests": "1", "sec-fetch-dest": "document", "sec-fetch-mode": "navigate", "sec-fetch-site": "none", "sec-fetch-user": "?1", "priority": "u=1"}
[01-06-2024 17:54:02]:⚙ DEBUG -> started processing request
[01-06-2024 17:54:02]:⚙ DEBUG -> finished processing request latency=17 ms status=200
[01-06-2024 17:54:04]:⚙ DEBUG -> request; method=GET uri=/favicon.ico version=HTTP/1.1 headers={"host": "localhost:8888", "user-agent": "Mozilla/5.0 (X11; Linux x86_64; rv:126.0) Gecko/20100101 Firefox/126.0", "accept": "image/avif,image/webp,*/*", "accept-language": "ru-RU,ru;q=0.8,en-US;q=0.5,en;q=0.3", "accept-encoding": "gzip, deflate, br, zstd", "connection": "keep-alive", "referer": "http://localhost:8888/stations", "sec-fetch-dest": "image", "sec-fetch-mode": "no-cors", "sec-fetch-site": "cross-site", "priority": "u=6"}
[01-06-2024 17:54:04]:⚙ DEBUG -> started processing request
[01-06-2024 17:54:04]:⚙ DEBUG -> finished processing request latency=0 ms status=404
[01-06-2024 17:54:56]:⚙ DEBUG -> request; method=GET uri=/path?from=nd00660370&to=nd30590352 version=HTTP/1.1 headers={"host": "localhost:8888", "user-agent": "Mozilla/5.0 (X11; Linux x86_64; rv:126.0) Gecko/20100101 Firefox/126.0", "accept": "text/html,application/xhtml+xml,application/xml;q=0.9,image/avif,image/webp,*/*;q=0.8", "accept-language": "ru-RU,ru;q=0.8,en-US;q=0.5,en;q=0.3", "accept-encoding": "gzip, deflate, br, zstd", "connection": "keep-alive", "upgrade-insecure-requests": "1", "sec-fetch-dest": "document", "sec-fetch-mode": "navigate", "sec-fetch-site": "none", "sec-fetch-user": "?1", "priority": "u=1"}
[01-06-2024 17:54:56]:⚙ DEBUG -> started processing request
[01-06-2024 17:54:56]:⚙ DEBUG -> finished processing request latency=4 ms status=200
[01-06-2024 17:54:57]:⚙ DEBUG -> request; method=GET uri=/favicon.ico version=HTTP/1.1 headers={"host": "localhost:8888", "user-agent": "Mozilla/5.0 (X11; Linux x86_64; rv:126.0) Gecko/20100101 Firefox/126.0", "accept": "image/avif,image/webp,*/*", "accept-language": "ru-RU,ru;q=0.8,en-US;q=0.5,en;q=0.3", "accept-encoding": "gzip, deflate, br, zstd", "connection": "keep-alive", "referer": "http://localhost:8888/path?from=nd00660370&to=nd30590352", "sec-fetch-dest": "image", "sec-fetch-mode": "no-cors", "sec-fetch-site": "cross-site", "priority": "u=6"}
[01-06-2024 17:54:57]:⚙ DEBUG -> started processing request
[01-06-2024 17:54:57]:⚙ DEBUG -> finished processing request latency=0 ms status=404
[01-06-2024 17:56:30]:⚙ DEBUG -> request; method=GET uri=/path?from=nd00660370&to=nd30590352 version=HTTP/1.1 headers={"host": "localhost:8888", "user-agent": "Mozilla/5.0 (X11; Linux x86_64; rv:126.0) Gecko/20100101 Firefox/126.0", "accept": "text/html,application/xhtml+xml,application/xml;q=0.9,image/avif,image/webp,*/*;q=0.8", "accept-language": "ru-RU,ru;q=0.8,en-US;q=0.5,en;q=0.3", "accept-encoding": "gzip, deflate, br, zstd", "dnt": "1", "connection": "keep-alive", "upgrade-insecure-requests": "1", "sec-fetch-dest": "document", "sec-fetch-mode": "navigate", "sec-fetch-site": "cross-site", "priority": "u=1", "pragma": "no-cache", "cache-control": "no-cache"}
[01-06-2024 17:56:30]:⚙ DEBUG -> started processing request
[01-06-2024 17:56:30]:⚙ DEBUG -> finished processing request latency=0 ms status=200
[01-06-2024 18:01:53]:⚙ DEBUG -> Апи сервера доступно на 0.0.0.0:8888
[01-06-2024 18:01:58]:⚙ DEBUG -> request; method=GET uri=/path?from=nd00660370&to=nd30590352 version=HTTP/1.1 headers={"host": "localhost:8888", "user-agent": "Mozilla/5.0 (X11; Linux x86_64; rv:126.0) Gecko/20100101 Firefox/126.0", "accept": "text/html,application/xhtml+xml,application/xml;q=0.9,image/avif,image/webp,*/*;q=0.8", "accept-language": "ru-RU,ru;q=0.8,en-US;q=0.5,en;q=0.3", "accept-encoding": "gzip, deflate, br, zstd", "connection": "keep-alive", "upgrade-insecure-requests": "1", "sec-fetch-dest": "document", "sec-fetch-mode": "navigate", "sec-fetch-site": "none", "sec-fetch-user": "?1", "priority": "u=1"}
[01-06-2024 18:01:58]:⚙ DEBUG -> started processing request
[01-06-2024 18:01:58]:⚙ DEBUG -> finished processing request latency=15 ms status=200
[01-06-2024 18:01:58]:⚙ DEBUG -> request; method=GET uri=/favicon.ico version=HTTP/1.1 headers={"host": "localhost:8888", "user-agent": "Mozilla/5.0 (X11; Linux x86_64; rv:126.0) Gecko/20100101 Firefox/126.0", "accept": "image/avif,image/webp,*/*", "accept-language": "ru-RU,ru;q=0.8,en-US;q=0.5,en;q=0.3", "accept-encoding": "gzip, deflate, br, zstd", "connection": "keep-alive", "referer": "http://localhost:8888/path?from=nd00660370&to=nd30590352", "sec-fetch-dest": "image", "sec-fetch-mode": "no-cors", "sec-fetch-site": "cross-site", "priority": "u=6"}
[01-06-2024 18:01:58]:⚙ DEBUG -> started processing request
[01-06-2024 18:01:58]:⚙ DEBUG -> finished processing request latency=1 ms status=404
[01-06-2024 18:02:55]:⚙ DEBUG -> request; method=GET uri=/path?from=nd89811596&to=nd77715428 version=HTTP/1.1 headers={"host": "localhost:8888", "user-agent": "Mozilla/5.0 (X11; Linux x86_64; rv:126.0) Gecko/20100101 Firefox/126.0", "accept": "text/html,application/xhtml+xml,application/xml;q=0.9,image/avif,image/webp,*/*;q=0.8", "accept-language": "ru-RU,ru;q=0.8,en-US;q=0.5,en;q=0.3", "accept-encoding": "gzip, deflate, br, zstd", "connection": "keep-alive", "upgrade-insecure-requests": "1", "sec-fetch-dest": "document", "sec-fetch-mode": "navigate", "sec-fetch-site": "none", "sec-fetch-user": "?1", "priority": "u=1"}
[01-06-2024 18:02:55]:⚙ DEBUG -> started processing request
[01-06-2024 18:02:55]:⚙ DEBUG -> finished processing request latency=48 ms status=200
[01-06-2024 18:02:55]:⚙ DEBUG -> request; method=GET uri=/favicon.ico version=HTTP/1.1 headers={"host": "localhost:8888", "user-agent": "Mozilla/5.0 (X11; Linux x86_64; rv:126.0) Gecko/20100101 Firefox/126.0", "accept": "image/avif,image/webp,*/*", "accept-language": "ru-RU,ru;q=0.8,en-US;q=0.5,en;q=0.3", "accept-encoding": "gzip, deflate, br, zstd", "connection": "keep-alive", "referer": "http://localhost:8888/path?from=nd89811596&to=nd77715428", "sec-fetch-dest": "image", "sec-fetch-mode": "no-cors", "sec-fetch-site": "cross-site", "priority": "u=6"}
[01-06-2024 18:02:55]:⚙ DEBUG -> started processing request
[01-06-2024 18:02:55]:⚙ DEBUG -> finished processing request latency=0 ms status=404
[01-06-2024 18:06:50]:⚙ DEBUG -> request; method=GET uri=/nearest?id=nd89811596&time=10 version=HTTP/1.1 headers={"host": "localhost:8888", "user-agent": "Mozilla/5.0 (X11; Linux x86_64; rv:126.0) Gecko/20100101 Firefox/126.0", "accept": "text/html,application/xhtml+xml,application/xml;q=0.9,image/avif,image/webp,*/*;q=0.8", "accept-language": "ru-RU,ru;q=0.8,en-US;q=0.5,en;q=0.3", "accept-encoding": "gzip, deflate, br, zstd", "connection": "keep-alive", "upgrade-insecure-requests": "1", "sec-fetch-dest": "document", "sec-fetch-mode": "navigate", "sec-fetch-site": "none", "sec-fetch-user": "?1", "priority": "u=1"}
[01-06-2024 18:06:50]:⚙ DEBUG -> started processing request
[01-06-2024 18:06:50]:⚙ DEBUG -> finished processing request latency=36 ms status=200
[01-06-2024 18:06:51]:⚙ DEBUG -> request; method=GET uri=/favicon.ico version=HTTP/1.1 headers={"host": "localhost:8888", "user-agent": "Mozilla/5.0 (X11; Linux x86_64; rv:126.0) Gecko/20100101 Firefox/126.0", "accept": "image/avif,image/webp,*/*", "accept-language": "ru-RU,ru;q=0.8,en-US;q=0.5,en;q=0.3", "accept-encoding": "gzip, deflate, br, zstd", "connection": "keep-alive", "referer": "http://localhost:8888/nearest?id=nd89811596&time=10", "sec-fetch-dest": "image", "sec-fetch-mode": "no-cors", "sec-fetch-site": "cross-site", "priority": "u=6"}
[01-06-2024 18:06:51]:⚙ DEBUG -> started processing request
[01-06-2024 18:06:51]:⚙ DEBUG -> finished processing request latency=1 ms status=404
[01-06-2024 18:07:48]:⚙ DEBUG -> request; method=GET uri=/stations version=HTTP/1.1 headers={"host": "localhost:8888", "user-agent": "Mozilla/5.0 (X11; Linux x86_64; rv:126.0) Gecko/20100101 Firefox/126.0", "accept": "text/html,application/xhtml+xml,application/xml;q=0.9,image/avif,image/webp,*/*;q=0.8", "accept-language": "ru-RU,ru;q=0.8,en-US;q=0.5,en;q=0.3", "accept-encoding": "gzip, deflate, br, zstd", "connection": "keep-alive", "upgrade-insecure-requests": "1", "sec-fetch-dest": "document", "sec-fetch-mode": "navigate", "sec-fetch-site": "none", "sec-fetch-user": "?1", "priority": "u=1"}
[01-06-2024 18:07:48]:⚙ DEBUG -> started processing request
[01-06-2024 18:07:48]:⚙ DEBUG -> finished processing request latency=9 ms status=200
[01-06-2024 18:07:48]:⚙ DEBUG -> request; method=GET uri=/favicon.ico version=HTTP/1.1 headers={"host": "localhost:8888", "user-agent": "Mozilla/5.0 (X11; Linux x86_64; rv:126.0) Gecko/20100101 Firefox/126.0", "accept": "image/avif,image/webp,*/*", "accept-language": "ru-RU,ru;q=0.8,en-US;q=0.5,en;q=0.3", "accept-encoding": "gzip, deflate, br, zstd", "connection": "keep-alive", "referer": "http://localhost:8888/stations", "sec-fetch-dest": "image", "sec-fetch-mode": "no-cors", "sec-fetch-site": "cross-site", "priority": "u=6"}
[01-06-2024 18:07:48]:⚙ DEBUG -> started processing request
[01-06-2024 18:07:48]:⚙ DEBUG -> finished processing request latency=2 ms status=404
