[14-06-2024 13:26:00]:💬 Информация -> из файла services.json загружен сервис "subway"
[14-06-2024 13:26:00]:💬 Информация -> из файла services.json загружен сервис "db_service"
[14-06-2024 13:26:15]:💬 Информация -> Запрос от 127.0.0.1:36102
[14-06-2024 13:26:15]:⚙ DEBUG -> service.ready=true message=processing request
[14-06-2024 13:26:15]:💬 Информация -> Запрос переадресован на http://localhost:5010/api/v1/account
[14-06-2024 13:26:15]:💬 Информация -> Отправка запроса на http://localhost:5010/api/v1/account, headers: {"host": "localhost"}
[14-06-2024 13:26:15]:⚙ DEBUG -> получен ответ от сервиса Body(Streaming)
[14-06-2024 13:46:17]:💬 Информация -> из файла services.json загружен сервис "subway"
[14-06-2024 13:46:17]:💬 Информация -> из файла services.json загружен сервис "db_service"
[14-06-2024 13:46:21]:💬 Информация -> Запрос от 127.0.0.1:57584
[14-06-2024 13:46:21]:⚙ DEBUG -> service.ready=true message=processing request
[14-06-2024 13:46:21]:💬 Информация -> Запрос переадресован на http://localhost:5010/api/v1/account
[14-06-2024 13:46:21]:💬 Информация -> Отправка запроса на http://localhost:5010/api/v1/account, headers: {"host": "localhost"}
[14-06-2024 13:46:21]:⚙ DEBUG -> получен ответ от сервиса Body(Streaming)
[14-06-2024 13:48:42]:💬 Информация -> из файла services.json загружен сервис "subway"
[14-06-2024 13:48:42]:💬 Информация -> из файла services.json загружен сервис "db_service"
[14-06-2024 13:48:45]:💬 Информация -> Запрос от 127.0.0.1:32946
[14-06-2024 13:48:45]:⚙ DEBUG -> service.ready=true message=processing request
[14-06-2024 13:48:45]:💬 Информация -> Запрос переадресован на http://localhost:5010/api/v1/account
[14-06-2024 13:48:45]:💬 Информация -> Отправка запроса на http://localhost:5010/api/v1/account, headers: {"host": "localhost"}
[14-06-2024 13:48:45]:⚙ DEBUG -> получен ответ от сервиса Body(Streaming)
[14-06-2024 13:49:29]:💬 Информация -> Запрос от 127.0.0.1:38210
[14-06-2024 13:49:29]:⚙ DEBUG -> service.ready=true message=processing request
[14-06-2024 13:49:29]:💬 Информация -> Запрос переадресован на http://localhost:5010/api/v1/account
[14-06-2024 13:49:29]:💬 Информация -> Отправка запроса на http://localhost:5010/api/v1/account, headers: {"host": "localhost"}
[14-06-2024 13:49:29]:⚙ DEBUG -> получен ответ от сервиса Body(Streaming)
[14-06-2024 13:53:55]:💬 Информация -> из файла services.json загружен сервис "subway"
[14-06-2024 13:53:55]:💬 Информация -> из файла services.json загружен сервис "db_service"
[14-06-2024 13:53:58]:💬 Информация -> Запрос от 127.0.0.1:44882
[14-06-2024 13:53:58]:⚙ DEBUG -> service.ready=true message=processing request
[14-06-2024 13:53:58]:💬 Информация -> Запрос переадресован на http://localhost:5010/api/v1/account
[14-06-2024 13:53:58]:💬 Информация -> Отправка запроса на http://localhost:5010/api/v1/account, headers: {"host": "localhost"}
[14-06-2024 13:53:58]:⚙ DEBUG -> получен ответ от сервиса Body(Streaming)
[14-06-2024 13:56:35]:💬 Информация -> из файла services.json загружен сервис "subway"
[14-06-2024 13:56:35]:💬 Информация -> из файла services.json загружен сервис "db_service"
[14-06-2024 13:56:44]:💬 Информация -> Запрос от 127.0.0.1:56322
[14-06-2024 13:56:44]:⚙ DEBUG -> service.ready=true message=processing request
[14-06-2024 13:56:53]:💬 Информация -> Запрос от 127.0.0.1:53808
[14-06-2024 13:56:53]:⚙ DEBUG -> service.ready=true message=processing request
[14-06-2024 13:56:53]:❌ Ошибка -> Неверный формат для авторизации ({
    "login": "loginQWE@25",
    "pass": "passQWE@25"
}) -> missing field `password` at line 4 column 1
[14-06-2024 13:57:06]:💬 Информация -> Запрос от 127.0.0.1:36704
[14-06-2024 13:57:06]:⚙ DEBUG -> service.ready=true message=processing request
[14-06-2024 13:57:06]:💬 Информация -> Новый рефреш кей действует до 2024-06-14 22:57:06.170805113 +00:00:00
[14-06-2024 13:57:06]:💬 Информация -> Отправка запроса на http://localhost:5010/api/v1/account, headers: {"host": "localhost"}
[14-06-2024 13:59:43]:💬 Информация -> из файла services.json загружен сервис "subway"
[14-06-2024 13:59:43]:💬 Информация -> из файла services.json загружен сервис "db_service"
[14-06-2024 14:00:28]:💬 Информация -> Запрос от 127.0.0.1:57130
[14-06-2024 14:00:28]:⚙ DEBUG -> service.ready=true message=processing request
[14-06-2024 14:00:28]:💬 Информация -> Новый рефреш кей действует до 2024-06-14 23:00:28.083504327 +00:00:00
[14-06-2024 14:00:28]:💬 Информация -> Отправка запроса на http://localhost:5010/api/v1/account, headers: {"host": "localhost"}
