[05-06-2024 13:30:29]:❌ Ошибка -> No such file or directory (os error 2)
[05-06-2024 13:30:45]:❌ Ошибка -> No such file or directory (os error 2)
[05-06-2024 13:31:20]:❌ Ошибка -> No such file or directory (os error 2)
[05-06-2024 13:31:42]:❌ Ошибка -> No such file or directory (os error 2)
[05-06-2024 13:33:24]:❌ Ошибка -> No such file or directory (os error 2)
[05-06-2024 13:34:27]:❌ Ошибка -> No such file or directory (os error 2)
[05-06-2024 13:34:38]:❌ Ошибка -> No such file or directory (os error 2)
[05-06-2024 13:54:17]:💬 Информация -> 74
[05-06-2024 13:54:17]:💬 Информация -> 77
[05-06-2024 13:54:17]:💬 Информация -> 79
[05-06-2024 13:54:17]:💬 Информация -> 74
[05-06-2024 13:54:17]:💬 Информация -> 77
[05-06-2024 13:54:17]:💬 Информация -> 79
[05-06-2024 13:54:17]:💬 Информация -> 82
[05-06-2024 13:54:17]:💬 Информация -> 261
[05-06-2024 13:54:17]:💬 Информация -> 249
[05-06-2024 13:54:17]:💬 Информация -> 248
[05-06-2024 13:54:17]:💬 Информация -> 247
[05-06-2024 13:54:17]:💬 Информация -> 247
[05-06-2024 14:10:01]:💬 Информация -> 77
[05-06-2024 14:10:01]:💬 Информация -> 77
[05-06-2024 14:10:01]:💬 Информация -> 82
[05-06-2024 15:55:58]:❌ Ошибка -> Some(NodeIndex(91)) None
[05-06-2024 16:13:52]:❌ Ошибка -> Some(NodeIndex(91)) None
[05-06-2024 16:13:52]:💬 Информация -> [SubwayStation { name: "Ховрино", id: "244", line: "2" }, SubwayStation { name: "Беломорская", id: "260", line: "2" }, SubwayStation { name: "Речной вокзал", id: "23", line: "2" }, SubwayStation { name: "Водный стадион", id: "24", line: "2" }, SubwayStation { name: "Войковская", id: "25", line: "2" }, SubwayStation { name: "Сокол", id: "26", line: "2" }, SubwayStation { name: "Аэропорт", id: "27", line: "2" }, SubwayStation { name: "Динамо", id: "28", line: "2" }, SubwayStation { name: "Белорусская ЗЛ", id: "29", line: "2" }, SubwayStation { name: "Маяковская", id: "30", line: "2" }, SubwayStation { name: "Тверская", id: "31", line: "2" }, SubwayStation { name: "Театральная", id: "32", line: "2" }, SubwayStation { name: "Новокузнецкая", id: "33", line: "2" }, SubwayStation { name: "Третьяковская КЛ", id: "146", line: "8" }, SubwayStation { name: "Марксистская", id: "145", line: "8" }, SubwayStation { name: "Площадь Ильича", id: "144", line: "8" }, SubwayStation { name: "Москва-Товарная МЦД-2", id: "313", line: "Д2" }] 55
[05-06-2024 16:16:33]:❌ Ошибка -> Some(NodeIndex(91)) None
[05-06-2024 16:18:09]:❌ Ошибка -> Some(NodeIndex(91)) None
[05-06-2024 16:22:01]:❌ Ошибка -> Some(NodeIndex(91)) None
[05-06-2024 16:27:32]:❌ Ошибка -> Some(NodeIndex(91)) None
[05-06-2024 16:27:32]:💬 Информация -> [SubwayStation { name: "Киевская ФЛ", id: "74", line: "4" }, SubwayStation { name: "Киевская КЛ", id: "87", line: "5" }, SubwayStation { name: "Краснопресненская", id: "88", line: "5" }, SubwayStation { name: "Белорусская КЛ", id: "89", line: "5" }, SubwayStation { name: "Новослободская", id: "90", line: "5" }, SubwayStation { name: "Менделеевская", id: "157", line: "9" }, SubwayStation { name: "Савеловская", id: "156", line: "9" }, SubwayStation { name: "Дмитровская", id: "155", line: "9" }, SubwayStation { name: "Тимирязевская", id: "154", line: "9" }, SubwayStation { name: "Петровско-Разумовская", id: "153", line: "9" }, SubwayStation { name: "Владыкино", id: "152", line: "9" }, SubwayStation { name: "Отрадное", id: "151", line: "9" }, SubwayStation { name: "Бибирево", id: "150", line: "9" }] 29
[05-06-2024 16:31:08]:❌ Ошибка -> Some(NodeIndex(91)) None
[05-06-2024 16:31:08]:💬 Информация -> [SubwayStation { name: "Ховрино МЦД-3", id: "376", line: "Д3" }, SubwayStation { name: "Ховрино", id: "244", line: "2" }, SubwayStation { name: "Беломорская", id: "260", line: "2" }, SubwayStation { name: "Речной вокзал", id: "23", line: "2" }, SubwayStation { name: "Водный стадион", id: "24", line: "2" }, SubwayStation { name: "Войковская", id: "25", line: "2" }, SubwayStation { name: "Сокол", id: "26", line: "2" }, SubwayStation { name: "Аэропорт", id: "27", line: "2" }, SubwayStation { name: "Динамо", id: "28", line: "2" }, SubwayStation { name: "Белорусская ЗЛ", id: "29", line: "2" }, SubwayStation { name: "Маяковская", id: "30", line: "2" }, SubwayStation { name: "Тверская", id: "31", line: "2" }, SubwayStation { name: "Театральная", id: "32", line: "2" }, SubwayStation { name: "Охотный ряд", id: "10", line: "1" }, SubwayStation { name: "Библиотека имени Ленина", id: "11", line: "1" }] 51
[05-06-2024 16:32:09]:❌ Ошибка -> Some(NodeIndex(91)) None
[05-06-2024 16:32:09]:💬 Информация -> [SubwayStation { name: "Ховрино МЦД-3", id: "376", line: "Д3" }, SubwayStation { name: "Ховрино", id: "244", line: "2" }, SubwayStation { name: "Беломорская", id: "260", line: "2" }, SubwayStation { name: "Речной вокзал", id: "23", line: "2" }, SubwayStation { name: "Водный стадион", id: "24", line: "2" }, SubwayStation { name: "Войковская", id: "25", line: "2" }, SubwayStation { name: "Сокол", id: "26", line: "2" }, SubwayStation { name: "Аэропорт", id: "27", line: "2" }, SubwayStation { name: "Динамо", id: "28", line: "2" }, SubwayStation { name: "Белорусская ЗЛ", id: "29", line: "2" }, SubwayStation { name: "Маяковская", id: "30", line: "2" }, SubwayStation { name: "Тверская", id: "31", line: "2" }, SubwayStation { name: "Театральная", id: "32", line: "2" }, SubwayStation { name: "Охотный ряд", id: "10", line: "1" }, SubwayStation { name: "Библиотека имени Ленина", id: "11", line: "1" }] 51
[05-06-2024 16:34:35]:❌ Ошибка -> Some(NodeIndex(91)) None
[05-06-2024 16:34:35]:💬 Информация -> [SubwayStation { name: "Ховрино МЦД-3", id: "376", line: "Д3" }, SubwayStation { name: "Грачёвская МЦД-3", id: "377", line: "Д3" }, SubwayStation { name: "Моссельмаш МЦД-3", id: "378", line: "Д3" }, SubwayStation { name: "Лихоборы МЦД-3", id: "379", line: "Д3" }, SubwayStation { name: "Петровско-Разумовская МЦД-3", id: "380", line: "Д3" }, SubwayStation { name: "Петровско-Разумовская", id: "153", line: "9" }, SubwayStation { name: "Тимирязевская", id: "154", line: "9" }, SubwayStation { name: "Дмитровская", id: "155", line: "9" }, SubwayStation { name: "Савеловская", id: "156", line: "9" }, SubwayStation { name: "Менделеевская", id: "157", line: "9" }, SubwayStation { name: "Цветной бульвар", id: "158", line: "9" }, SubwayStation { name: "Трубная", id: "176", line: "10" }, SubwayStation { name: "Сретенский бульвар", id: "177", line: "10" }, SubwayStation { name: "Чкаловская", id: "178", line: "10" }, SubwayStation { name: "Римская", id: "179", line: "10" }, SubwayStation { name: "Крестьянская застава", id: "180", line: "10" }, SubwayStation { name: "Дубровка", id: "181", line: "10" }, SubwayStation { name: "Кожуховская", id: "182", line: "10" }, SubwayStation { name: "Печатники", id: "183", line: "10" }] 62
[05-06-2024 16:39:28]:❌ Ошибка -> Some(NodeIndex(91)) None
[05-06-2024 16:39:28]:💬 Информация -> [SubwayStation { name: "Петровско-Разумовская", id: "153", line: "9" }, SubwayStation { name: "Тимирязевская", id: "154", line: "9" }, SubwayStation { name: "Дмитровская", id: "155", line: "9" }, SubwayStation { name: "Савеловская", id: "156", line: "9" }, SubwayStation { name: "Менделеевская", id: "157", line: "9" }, SubwayStation { name: "Цветной бульвар", id: "158", line: "9" }, SubwayStation { name: "Трубная", id: "176", line: "10" }, SubwayStation { name: "Сретенский бульвар", id: "177", line: "10" }, SubwayStation { name: "Чкаловская", id: "178", line: "10" }, SubwayStation { name: "Римская", id: "179", line: "10" }, SubwayStation { name: "Крестьянская застава", id: "180", line: "10" }, SubwayStation { name: "Дубровка", id: "181", line: "10" }, SubwayStation { name: "Кожуховская", id: "182", line: "10" }, SubwayStation { name: "Печатники", id: "183", line: "10" }] 30
[05-06-2024 16:43:15]:💬 Информация -> `Петровско-Разумовская->Петровско-Разумовская->Фонвизинская->Бутырская->Марьина Роща->Достоевская->Трубная->Сретенский бульвар->Чкаловская->Римская->Крестьянская Застава->Дубровка->Кожуховская->Печатники` примерно 34 минут
[05-06-2024 16:44:37]:❌ Ошибка -> Some(NodeIndex(91)) None
[05-06-2024 16:44:37]:💬 Информация -> [SubwayStation { name: "Петровско-Разумовская", id: "153", line: "9" }, SubwayStation { name: "Тимирязевская", id: "154", line: "9" }, SubwayStation { name: "Дмитровская", id: "155", line: "9" }, SubwayStation { name: "Савеловская", id: "156", line: "9" }, SubwayStation { name: "Менделеевская", id: "157", line: "9" }, SubwayStation { name: "Цветной бульвар", id: "158", line: "9" }, SubwayStation { name: "Трубная", id: "176", line: "10" }, SubwayStation { name: "Сретенский бульвар", id: "177", line: "10" }, SubwayStation { name: "Чкаловская", id: "178", line: "10" }, SubwayStation { name: "Римская", id: "179", line: "10" }, SubwayStation { name: "Крестьянская застава", id: "180", line: "10" }, SubwayStation { name: "Дубровка", id: "181", line: "10" }, SubwayStation { name: "Кожуховская", id: "182", line: "10" }, SubwayStation { name: "Печатники", id: "183", line: "10" }] 30
[05-06-2024 16:45:56]:❌ Ошибка -> Some(NodeIndex(91)) None
[05-06-2024 16:45:56]:💬 Информация -> [SubwayStation { name: "Петровско-Разумовская", id: "153", line: "9" }, SubwayStation { name: "Тимирязевская", id: "154", line: "9" }, SubwayStation { name: "Дмитровская", id: "155", line: "9" }, SubwayStation { name: "Савеловская", id: "156", line: "9" }, SubwayStation { name: "Менделеевская", id: "157", line: "9" }, SubwayStation { name: "Цветной бульвар", id: "158", line: "9" }, SubwayStation { name: "Трубная", id: "176", line: "10" }, SubwayStation { name: "Сретенский бульвар", id: "177", line: "10" }, SubwayStation { name: "Чкаловская", id: "178", line: "10" }, SubwayStation { name: "Римская", id: "179", line: "10" }, SubwayStation { name: "Крестьянская застава", id: "180", line: "10" }, SubwayStation { name: "Дубровка", id: "181", line: "10" }, SubwayStation { name: "Кожуховская", id: "182", line: "10" }, SubwayStation { name: "Печатники", id: "183", line: "10" }, SubwayStation { name: "Печатники МЦД-2", id: "352", line: "Д2" }] 45
[05-06-2024 17:08:24]:❌ Ошибка -> Some(NodeIndex(91)) None
[05-06-2024 17:08:24]:💬 Информация -> [SubwayStation { name: "Петровско-Разумовская", id: "153", line: "9" }, SubwayStation { name: "Тимирязевская", id: "154", line: "9" }, SubwayStation { name: "Дмитровская", id: "155", line: "9" }, SubwayStation { name: "Савеловская", id: "156", line: "9" }, SubwayStation { name: "Менделеевская", id: "157", line: "9" }, SubwayStation { name: "Цветной бульвар", id: "158", line: "9" }, SubwayStation { name: "Трубная", id: "176", line: "10" }, SubwayStation { name: "Сретенский бульвар", id: "177", line: "10" }, SubwayStation { name: "Чкаловская", id: "178", line: "10" }, SubwayStation { name: "Римская", id: "179", line: "10" }, SubwayStation { name: "Крестьянская застава", id: "180", line: "10" }, SubwayStation { name: "Дубровка", id: "181", line: "10" }, SubwayStation { name: "Кожуховская", id: "182", line: "10" }, SubwayStation { name: "Печатники", id: "183", line: "10" }, SubwayStation { name: "Печатники МЦД-2", id: "352", line: "Д2" }] 45
[05-06-2024 17:09:32]:❌ Ошибка -> Some(NodeIndex(91)) None
[05-06-2024 17:09:32]:💬 Информация -> [SubwayStation { name: "Петровско-Разумовская", id: "153", line: "9" }, SubwayStation { name: "Тимирязевская", id: "154", line: "9" }, SubwayStation { name: "Дмитровская", id: "155", line: "9" }, SubwayStation { name: "Савеловская", id: "156", line: "9" }, SubwayStation { name: "Менделеевская", id: "157", line: "9" }, SubwayStation { name: "Цветной бульвар", id: "158", line: "9" }, SubwayStation { name: "Трубная", id: "176", line: "10" }, SubwayStation { name: "Сретенский бульвар", id: "177", line: "10" }, SubwayStation { name: "Чкаловская", id: "178", line: "10" }, SubwayStation { name: "Римская", id: "179", line: "10" }, SubwayStation { name: "Крестьянская застава", id: "180", line: "10" }, SubwayStation { name: "Дубровка", id: "181", line: "10" }, SubwayStation { name: "Кожуховская", id: "182", line: "10" }, SubwayStation { name: "Печатники", id: "183", line: "10" }, SubwayStation { name: "Печатники МЦД-2", id: "352", line: "Д2" }] 45
[05-06-2024 17:10:12]:💬 Информация -> `Петровско-Разумовская->Петровско-Разумовская->Фонвизинская->Бутырская->Марьина Роща->Достоевская->Трубная->Сретенский бульвар->Чкаловская->Римская->Крестьянская Застава->Дубровка->Кожуховская->Печатники` примерно 34 минут
[05-06-2024 17:11:42]:💬 Информация -> `Петровско-Разумовская->Петровско-Разумовская->Фонвизинская->Бутырская->Марьина Роща->Достоевская->Трубная->Сретенский бульвар->Чкаловская->Римская->Крестьянская Застава->Дубровка->Кожуховская->Печатники` примерно 34 минут
[05-06-2024 17:15:22]:❌ Ошибка -> Some(NodeIndex(91)) None
[05-06-2024 17:15:22]:💬 Информация -> [SubwayStation { name: "Крюково МЦД-3 (П)", id: "367", line: "Д3" }, SubwayStation { name: "Фирсановская МЦД-3(П)", id: "369", line: "Д3" }, SubwayStation { name: "Сходня МЦД-3(П)", id: "370", line: "Д3" }, SubwayStation { name: "Подрезково МЦД-3(П)", id: "371", line: "Д3" }, SubwayStation { name: "Новоподрезково МЦД-3(П)", id: "372", line: "Д3" }, SubwayStation { name: "Молжаниново МЦД-3(П)", id: "373", line: "Д3" }, SubwayStation { name: "Химки МЦД-3(П)", id: "374", line: "Д3" }, SubwayStation { name: "Левобережная МЦД-3(П)", id: "375", line: "Д3" }, SubwayStation { name: "Ховрино МЦД-3", id: "376", line: "Д3" }, SubwayStation { name: "Ховрино", id: "244", line: "2" }, SubwayStation { name: "Беломорская", id: "260", line: "2" }, SubwayStation { name: "Речной вокзал", id: "23", line: "2" }, SubwayStation { name: "Водный стадион", id: "24", line: "2" }, SubwayStation { name: "Войковская", id: "25", line: "2" }, SubwayStation { name: "Сокол", id: "26", line: "2" }, SubwayStation { name: "Аэропорт", id: "27", line: "2" }, SubwayStation { name: "Динамо", id: "28", line: "2" }, SubwayStation { name: "БКЛ Петровский Парк", id: "249", line: "БКЛ" }, SubwayStation { name: "БКЛ ЦСКА", id: "248", line: "БКЛ" }, SubwayStation { name: "БКЛ Хорошёвская", id: "247", line: "БКЛ" }, SubwayStation { name: "БКЛ Шелепиха", id: "246", line: "БКЛ(А)" }, SubwayStation { name: "БКЛ Деловой центр", id: "245", line: "БКЛ(А)" }, SubwayStation { name: "Деловой центр", id: "147", line: "8А" }, SubwayStation { name: "Парк Победы СЛ", id: "148", line: "8А" }, SubwayStation { name: "Минская", id: "241", line: "8А" }, SubwayStation { name: "Ломоносовский проспект", id: "242", line: "8А" }, SubwayStation { name: "Раменки", id: "243", line: "8А" }, SubwayStation { name: "Мичуринский проспект", id: "253", line: "8А" }, SubwayStation { name: "Озерная", id: "254", line: "8А" }, SubwayStation { name: "Говорово", id: "255", line: "8А" }, SubwayStation { name: "Солнцево", id: "256", line: "8А" }, SubwayStation { name: "Боровское шоссе", id: "257", line: "8А" }, SubwayStation { name: "Новопеределкино", id: "258", line: "8А" }] 115
[05-06-2024 17:34:14]:💬 Информация -> `Крюково МЦД-3 (П)->Фирсановская МЦД-3(П)->Сходня МЦД-3(П)->Подрезково МЦД-3(П)->Новоподрезково МЦД-3(П)->Молжаниново МЦД-3(П)->Химки МЦД-3(П)->Левобережная МЦД-3(П)->Ховрино МЦД-3->Ховрино->Беломорская->Речной вокзал->Водный стадион->Войковская->Сокол->Аэропорт->Динамо->БКЛ Петровский Парк->БКЛ ЦСКА->БКЛ Хорошёвская->БКЛ Шелепиха->БКЛ Деловой центр->Деловой центр->Парк Победы СЛ->Минская->Ломоносовский проспект->Раменки->Мичуринский проспект->Озерная->Говорово->Солнцево->Боровское шоссе->Новопеределкино` примерно 115 минут
[05-06-2024 17:34:18]:💬 Информация -> Рассказовка->2
[05-06-2024 17:34:18]:💬 Информация -> Пыхтино->5
[05-06-2024 17:34:18]:💬 Информация -> Аэропорт Внуково->8
[05-06-2024 17:39:52]:💬 Информация -> Рассказовка->3
[05-06-2024 17:39:52]:💬 Информация -> Боровское шоссе->3
[05-06-2024 17:39:52]:💬 Информация -> Солнцево->6
[05-06-2024 17:39:52]:💬 Информация -> Говорово->9
[05-06-2024 17:42:22]:💬 Информация -> `Римская->Площадь Ильича->Марксистская->Третьяковская->Новокузнецкая->Театральная->Тверская->Маяковская->Белорусская->Динамо->Аэропорт->Сокол->Войковская` примерно 32 минут
